ðŸ“Š Reading parquet file...

================================================================================
BASIC METADATA
================================================================================
Shape: (2, 265)
Number of rows: 2
Number of columns: 265
Memory usage: 0.06 MB

================================================================================
COLUMN INFORMATION
================================================================================
Columns: [0, 1, 2, 3, 4, 5, 6, 7, 8, 9, 10, 11, 12, 13, 14, 15, 16, 17, 18, 19, 20, 21, 22, 23, 24, 25, 26, 27, 28, 29, 30, 31, 32, 33, 34, 35, 36, 37, 38, 39, 40, 41, 42, 43, 44, 45, 46, 47, 48, 49, 50, 51, 52, 53, 54, 55, 56, 57, 58, 59, 60, 61, 62, 63, 64, 65, 66, 67, 68, 69, 70, 71, 72, 73, 74, 75, 76, 77, 78, 79, 80, 81, 82, 83, 84, 85, 86, 87, 88, 89, 90, 91, 92, 93, 94, 95, 96, 97, 98, 99, 100, 101, 102, 103, 104, 105, 106, 107, 108, 109, 110, 111, 112, 113, 114, 115, 116, 117, 118, 119, 120, 121, 122, 123, 124, 125, 126, 127, 128, 129, 130, 131, 132, 133, 134, 135, 136, 137, 138, 139, 140, 141, 142, 143, 144, 145, 146, 147, 148, 149, 150, 151, 152, 153, 154, 155, 156, 157, 158, 159, 160, 161, 162, 163, 164, 165, 166, 167, 168, 169, 170, 171, 172, 173, 174, 175, 176, 177, 178, 179, 180, 181, 182, 183, 184, 185, 186, 187, 188, 189, 190, 191, 192, 193, 194, 195, 196, 197, 198, 199, 200, 201, 202, 203, 204, 205, 206, 207, 208, 209, 210, 211, 212, 213, 214, 215, 216, 217, 218, 219, 220, 221, 222, 223, 224, 225, 226, 227, 228, 229, 230, 231, 232, 233, 234, 235, 236, 237, 238, 239, 240, 241, 242, 243, 244, 245, 246, 247, 248, 249, 250, 251, 252, 253, 254, 255, 256, 257, 258, 259, 260, 261, 262, 263, 264]

Data types:
  0: object
    -> Contains arrays of length 2048
  1: object
    -> Contains arrays of length 2048
  2: object
    -> Contains arrays of length 2048
  3: object
    -> Contains arrays of length 2048
  4: object
    -> Contains arrays of length 2048
  5: object
    -> Contains arrays of length 2048
  6: object
    -> Contains arrays of length 2048
  7: object
    -> Contains arrays of length 2048
  8: object
    -> Contains arrays of length 2048
  9: object
    -> Contains arrays of length 2048
  10: object
    -> Contains arrays of length 2048
  11: object
    -> Contains arrays of length 2048
  12: object
    -> Contains arrays of length 2048
  13: object
    -> Contains arrays of length 2048
  14: object
    -> Contains arrays of length 2048
  15: object
    -> Contains arrays of length 2048
  16: object
    -> Contains arrays of length 2048
  17: object
    -> Contains arrays of length 2048
  18: object
    -> Contains arrays of length 2048
  19: object
    -> Contains arrays of length 2048
  20: object
    -> Contains arrays of length 2048
  21: object
    -> Contains arrays of length 2048
  22: object
    -> Contains arrays of length 2048
  23: object
    -> Contains arrays of length 2048
  24: object
    -> Contains arrays of length 2048
  25: object
    -> Contains arrays of length 2048
  26: object
    -> Contains arrays of length 2048
  27: object
    -> Contains arrays of length 2048
  28: object
    -> Contains arrays of length 2048
  29: object
    -> Contains arrays of length 2048
  30: object
    -> Contains arrays of length 2048
  31: object
    -> Contains arrays of length 2048
  32: object
    -> Contains arrays of length 2048
  33: object
    -> Contains arrays of length 2048
  34: object
    -> Contains arrays of length 2048
  35: object
    -> Contains arrays of length 2048
  36: object
    -> Contains arrays of length 2048
  37: object
    -> Contains arrays of length 2048
  38: object
    -> Contains arrays of length 2048
  39: object
    -> Contains arrays of length 2048
  40: object
    -> Contains arrays of length 2048
  41: object
    -> Contains arrays of length 2048
  42: object
    -> Contains arrays of length 2048
  43: object
    -> Contains arrays of length 2048
  44: object
    -> Contains arrays of length 2048
  45: object
    -> Contains arrays of length 2048
  46: object
    -> Contains arrays of length 2048
  47: object
    -> Contains arrays of length 2048
  48: object
    -> Contains arrays of length 2048
  49: object
    -> Contains arrays of length 2048
  50: object
    -> Contains arrays of length 2048
  51: object
    -> Contains arrays of length 2048
  52: object
    -> Contains arrays of length 2048
  53: object
    -> Contains arrays of length 2048
  54: object
    -> Contains arrays of length 2048
  55: object
    -> Contains arrays of length 2048
  56: object
    -> Contains arrays of length 2048
  57: object
    -> Contains arrays of length 2048
  58: object
    -> Contains arrays of length 2048
  59: object
    -> Contains arrays of length 2048
  60: object
    -> Contains arrays of length 2048
  61: object
    -> Contains arrays of length 2048
  62: object
    -> Contains arrays of length 2048
  63: object
    -> Contains arrays of length 2048
  64: object
    -> Contains arrays of length 2048
  65: object
    -> Contains arrays of length 2048
  66: object
    -> Contains arrays of length 2048
  67: object
    -> Contains arrays of length 2048
  68: object
    -> Contains arrays of length 2048
  69: object
    -> Contains arrays of length 2048
  70: object
    -> Contains arrays of length 2048
  71: object
    -> Contains arrays of length 2048
  72: object
    -> Contains arrays of length 2048
  73: object
    -> Contains arrays of length 2048
  74: object
    -> Contains arrays of length 2048
  75: object
    -> Contains arrays of length 2048
  76: object
    -> Contains arrays of length 2048
  77: object
    -> Contains arrays of length 2048
  78: object
    -> Contains arrays of length 2048
  79: object
    -> Contains arrays of length 2048
  80: object
    -> Contains arrays of length 2048
  81: object
    -> Contains arrays of length 2048
  82: object
    -> Contains arrays of length 2048
  83: object
    -> Contains arrays of length 2048
  84: object
    -> Contains arrays of length 2048
  85: object
    -> Contains arrays of length 2048
  86: object
    -> Contains arrays of length 2048
  87: object
    -> Contains arrays of length 2048
  88: object
    -> Contains arrays of length 2048
  89: object
    -> Contains arrays of length 2048
  90: object
    -> Contains arrays of length 2048
  91: object
    -> Contains arrays of length 2048
  92: object
    -> Contains arrays of length 2048
  93: object
    -> Contains arrays of length 2048
  94: object
    -> Contains arrays of length 2048
  95: object
    -> Contains arrays of length 2048
  96: object
    -> Contains arrays of length 2048
  97: object
    -> Contains arrays of length 2048
  98: object
    -> Contains arrays of length 2048
  99: object
    -> Contains arrays of length 2048
  100: object
    -> Contains arrays of length 2048
  101: object
    -> Contains arrays of length 2048
  102: object
    -> Contains arrays of length 2048
  103: object
    -> Contains arrays of length 2048
  104: object
    -> Contains arrays of length 2048
  105: object
    -> Contains arrays of length 2048
  106: object
    -> Contains arrays of length 2048
  107: object
    -> Contains arrays of length 2048
  108: object
    -> Contains arrays of length 2048
  109: object
    -> Contains arrays of length 2048
  110: object
    -> Contains arrays of length 2048
  111: object
    -> Contains arrays of length 2048
  112: object
    -> Contains arrays of length 2048
  113: object
    -> Contains arrays of length 2048
  114: object
    -> Contains arrays of length 2048
  115: object
    -> Contains arrays of length 2048
  116: object
    -> Contains arrays of length 2048
  117: object
    -> Contains arrays of length 2048
  118: object
    -> Contains arrays of length 2048
  119: object
    -> Contains arrays of length 2048
  120: object
    -> Contains arrays of length 2048
  121: object
    -> Contains arrays of length 2048
  122: object
    -> Contains arrays of length 2048
  123: object
    -> Contains arrays of length 2048
  124: object
    -> Contains arrays of length 2048
  125: object
    -> Contains arrays of length 2048
  126: object
    -> Contains arrays of length 2048
  127: object
    -> Contains arrays of length 2048
  128: object
    -> Contains arrays of length 2048
  129: object
    -> Contains arrays of length 2048
  130: object
    -> Contains arrays of length 2048
  131: object
    -> Contains arrays of length 2048
  132: object
    -> Contains arrays of length 2048
  133: object
    -> Contains arrays of length 2048
  134: object
    -> Contains arrays of length 2048
  135: object
    -> Contains arrays of length 2048
  136: object
    -> Contains arrays of length 2048
  137: object
    -> Contains arrays of length 2048
  138: object
    -> Contains arrays of length 2048
  139: object
    -> Contains arrays of length 2048
  140: object
    -> Contains arrays of length 2048
  141: object
    -> Contains arrays of length 2048
  142: object
    -> Contains arrays of length 2048
  143: object
    -> Contains arrays of length 2048
  144: object
    -> Contains arrays of length 2048
  145: object
    -> Contains arrays of length 2048
  146: object
    -> Contains arrays of length 2048
  147: object
    -> Contains arrays of length 2048
  148: object
    -> Contains arrays of length 2048
  149: object
    -> Contains arrays of length 2048
  150: object
    -> Contains arrays of length 2048
  151: object
    -> Contains arrays of length 2048
  152: object
    -> Contains arrays of length 2048
  153: object
    -> Contains arrays of length 2048
  154: object
    -> Contains arrays of length 2048
  155: object
    -> Contains arrays of length 2048
  156: object
    -> Contains arrays of length 2048
  157: object
    -> Contains arrays of length 2048
  158: object
    -> Contains arrays of length 2048
  159: object
    -> Contains arrays of length 2048
  160: object
    -> Contains arrays of length 2048
  161: object
    -> Contains arrays of length 2048
  162: object
    -> Contains arrays of length 2048
  163: object
    -> Contains arrays of length 2048
  164: object
    -> Contains arrays of length 2048
  165: object
    -> Contains arrays of length 2048
  166: object
    -> Contains arrays of length 2048
  167: object
    -> Contains arrays of length 2048
  168: object
    -> Contains arrays of length 2048
  169: object
    -> Contains arrays of length 2048
  170: object
    -> Contains arrays of length 2048
  171: object
    -> Contains arrays of length 2048
  172: object
    -> Contains arrays of length 2048
  173: object
    -> Contains arrays of length 2048
  174: object
    -> Contains arrays of length 2048
  175: object
    -> Contains arrays of length 2048
  176: object
    -> Contains arrays of length 2048
  177: object
    -> Contains arrays of length 2048
  178: object
    -> Contains arrays of length 2048
  179: object
    -> Contains arrays of length 2048
  180: object
    -> Contains arrays of length 2048
  181: object
    -> Contains arrays of length 2048
  182: object
    -> Contains arrays of length 2048
  183: object
    -> Contains arrays of length 2048
  184: object
    -> Contains arrays of length 2048
  185: object
    -> Contains arrays of length 2048
  186: object
    -> Contains arrays of length 2048
  187: object
    -> Contains arrays of length 2048
  188: object
    -> Contains arrays of length 2048
  189: object
    -> Contains arrays of length 2048
  190: object
    -> Contains arrays of length 2048
  191: object
    -> Contains arrays of length 2048
  192: object
    -> Contains arrays of length 2048
  193: object
    -> Contains arrays of length 2048
  194: object
    -> Contains arrays of length 2048
  195: object
    -> Contains arrays of length 2048
  196: object
    -> Contains arrays of length 2048
  197: object
    -> Contains arrays of length 2048
  198: object
    -> Contains arrays of length 2048
  199: object
    -> Contains arrays of length 2048
  200: object
    -> Contains arrays of length 2048
  201: object
    -> Contains arrays of length 2048
  202: object
    -> Contains arrays of length 2048
  203: object
    -> Contains arrays of length 2048
  204: object
    -> Contains arrays of length 2048
  205: object
    -> Contains arrays of length 2048
  206: object
    -> Contains arrays of length 2048
  207: object
    -> Contains arrays of length 2048
  208: object
    -> Contains arrays of length 2048
  209: object
    -> Contains arrays of length 2048
  210: object
    -> Contains arrays of length 2048
  211: object
    -> Contains arrays of length 2048
  212: object
    -> Contains arrays of length 2048
  213: object
    -> Contains arrays of length 2048
  214: object
    -> Contains arrays of length 2048
  215: object
    -> Contains arrays of length 2048
  216: object
    -> Contains arrays of length 2048
  217: object
    -> Contains arrays of length 2048
  218: object
    -> Contains arrays of length 2048
  219: object
    -> Contains arrays of length 2048
  220: object
    -> Contains arrays of length 2048
  221: object
    -> Contains arrays of length 2048
  222: object
    -> Contains arrays of length 2048
  223: object
    -> Contains arrays of length 2048
  224: object
    -> Contains arrays of length 2048
  225: object
    -> Contains arrays of length 2048
  226: object
    -> Contains arrays of length 2048
  227: object
    -> Contains arrays of length 2048
  228: object
    -> Contains arrays of length 2048
  229: object
    -> Contains arrays of length 2048
  230: object
    -> Contains arrays of length 2048
  231: object
    -> Contains arrays of length 2048
  232: object
    -> Contains arrays of length 2048
  233: object
    -> Contains arrays of length 2048
  234: object
    -> Contains arrays of length 2048
  235: object
    -> Contains arrays of length 2048
  236: object
    -> Contains arrays of length 2048
  237: object
    -> Contains arrays of length 2048
  238: object
    -> Contains arrays of length 2048
  239: object
    -> Contains arrays of length 2048
  240: object
    -> Contains arrays of length 2048
  241: object
    -> Contains arrays of length 2048
  242: object
    -> Contains arrays of length 2048
  243: object
    -> Contains arrays of length 2048
  244: object
    -> Contains arrays of length 2048
  245: object
    -> Contains arrays of length 2048
  246: object
    -> Contains arrays of length 2048
  247: object
    -> Contains arrays of length 2048
  248: object
    -> Contains arrays of length 2048
  249: object
    -> Contains arrays of length 2048
  250: object
    -> Contains arrays of length 2048
  251: object
    -> Contains arrays of length 2048
  252: object
    -> Contains arrays of length 2048
  253: object
    -> Contains arrays of length 2048
  254: object
    -> Contains arrays of length 2048
  255: object
    -> Contains arrays of length 2048
  256: object
    -> Contains arrays of length 2048
  257: object
    -> Contains arrays of length 2048
  258: object
    -> Contains arrays of length 2048
  259: object
    -> Contains arrays of length 2048
  260: object
    -> Contains arrays of length 2048
  261: object
    -> Contains arrays of length 2048
  262: object
    -> Contains arrays of length 2048
  263: object
    -> Contains arrays of length 2048
  264: object
    -> Contains arrays of length 2048

================================================================================
STATISTICS
================================================================================
No numeric columns found for statistics.

================================================================================
SAMPLE ROWS
================================================================================
                                                 0    ...                                                264
0  [0.013412476, 0.097717285, -0.16516113, -0.123...  ...  [0.32788086, -0.014755249, -0.23425293, -0.099...
1  [-0.0814209, 0.20715332, -0.2142334, -0.237792...  ...  [0.265625, 0.04916382, -0.16223145, -0.0913085...

[2 rows x 265 columns]

================================================================================
CORRESPONDING TEXT (from pairs.jsonl)
================================================================================

Showing first 2 embeddings with corresponding text:

--------------------------------------------------------------------------------
Embedding 1:
  ID: Rudin|exercise_1_1a
  NL Text: If $r$ is rational $(r \neq 0)$ and $x$ is irrational, prove that $r+x$ is irrational.
  NL Proof: \begin{proof}

    If $r$ and $r+x$ were both rational, then $x=r+x-r$ would also be rational.

\end{proof}
  Lean Text: theorem exercise_1_1a
  (x : â„) (y : â„š) :
  ( irrational x ) -> irrational ( x + y ) :=
  Embedding dimension: 2048
  Embedding stats: min=-2.2441, max=2.6230, mean=0.0065, std=0.3062

--------------------------------------------------------------------------------
Embedding 2:
  ID: Rudin|exercise_1_2
  NL Text: Prove that there is no rational number whose square is $12$.
  NL Proof: \begin{proof}

    Suppose $m^2=12 n^2$, where $m$ and $n$ have no common factor. It follows that $m$ must be even, and therefore $n$ must be odd. Let $m=2 r$. Then we have $r^2=3 n^2$, so that $r$ is
  Lean Text: theorem exercise_1_2 : Â¬ âˆƒ (x : â„š), ( x ^ 2 = 12 ) :=
  Embedding dimension: 2048
  Embedding stats: min=-1.7842, max=1.6816, mean=-0.0004, std=0.2478


================================================================================
EMBEDDING DIMENSION ANALYSIS
================================================================================
No numeric columns found. Embeddings might be stored differently.

================================================================================
Exploration complete!
================================================================================
